Acceptancenum	Simnum	Time	T0	T1	TMRCA	Variance	epsilonV	Heterozygosis	epsilonH	Numberofconfig	epsilonC	SASHloc	SH	MASH	SASH	SHchanges	SHdist	HBC	Simnum	Alpha
1	128	0.042543	0.006216	26.310972	0.046553	0.181663	-0.024002	0.262059	-0.030195	28	0.034483	0.025272	0.564849	0.520363	0.092749	0.711538	0.127368	0.300000	128	0.100000
2	872	0.004354	0.008317	102.731064	0.012101	0.161320	0.090668	0.266384	-0.047197	27	0.068966	0.027840	0.712576	0.677128	0.109791	0.702128	0.105548	0.372093	872	0.100000
3	888	0.011311	0.003435	72.969727	0.013460	0.171864	0.031232	0.253722	0.002580	31	-0.068966	0.019246	0.548619	0.504391	0.089239	0.818182	0.126676	0.515625	888	0.100000
4	5296	0.067366	0.007401	18.719193	0.082012	0.172685	0.026608	0.268502	-0.055523	28	0.034483	0.101822	0.660987	0.462448	0.369340	0.725490	0.350325	0.243243	5296	0.100000
5	5560	0.095093	0.003469	14.649791	0.098075	0.187054	-0.054393	0.269666	-0.060096	27	0.068966	0.013733	0.604352	0.530187	0.157861	0.688889	0.069869	0.307692	5560	0.100000
6	7872	0.037033	0.003724	44.934101	0.039741	0.167614	0.055191	0.256660	-0.008971	30	-0.034483	0.086827	0.721412	0.450353	0.493151	0.803030	0.369010	0.387755	7872	0.100000
7	9725	0.077635	0.006537	17.374638	0.085211	0.162468	0.084195	0.271366	-0.066780	29	0.000000	0.029724	0.491892	0.438919	0.094412	0.714286	0.134643	0.236842	9725	0.100000
8	13299	0.006145	0.009456	90.819374	0.010870	0.180313	-0.016394	0.267935	-0.053295	30	-0.034483	0.030440	0.576647	0.548732	0.061858	0.730159	0.132898	0.361702	13299	0.100000
9	14301	0.058759	0.001325	22.717424	0.061198	0.160813	0.093527	0.241090	0.052239	31	-0.068966	0.037444	0.652302	0.475024	0.337687	0.720000	0.179594	0.340426	14301	0.100000
10	15995	0.007682	0.005232	95.162819	0.013920	0.166801	0.059773	0.233812	0.080851	29	0.000000	0.014892	0.400824	0.373776	0.043192	0.784615	0.099128	0.462963	15995	0.100000
11	17341	0.050028	0.000368	26.715654	0.050112	0.170179	0.040731	0.261299	-0.027204	28	0.034483	0.040210	0.551788	0.477188	0.142689	0.698113	0.173853	0.348837	17341	0.100000
12	18596	0.048515	0.003821	31.808752	0.051895	0.172468	0.027827	0.251127	0.012781	31	-0.068966	0.031546	0.527931	0.391316	0.224443	0.750000	0.180093	0.340426	18596	0.100000
13	21285	0.055344	0.001001	26.977512	0.056051	0.170522	0.038798	0.262015	-0.030019	31	-0.068966	0.113122	0.802444	0.424158	0.656926	0.728814	0.425591	0.261905	21285	0.100000
14	37115	0.013326	0.007554	69.982903	0.034027	0.170940	0.036444	0.265907	-0.045321	31	-0.068966	0.015924	0.554659	0.503904	0.102308	0.780822	0.107889	0.446429	37115	0.100000
15	37973	0.019043	0.004513	52.882950	0.022905	0.163572	0.077974	0.252052	0.009146	28	0.034483	0.034385	0.376604	0.291131	0.120576	0.758065	0.171842	0.500000	37973	0.100000
16	37991	0.049227	0.004990	18.064487	0.057178	0.162692	0.082934	0.250188	0.016475	27	0.068966	0.015056	0.461973	0.420805	0.071079	0.775862	0.089630	0.448980	37991	0.100000
17	38686	0.067304	0.004138	21.396646	0.068420	0.160992	0.092518	0.278017	-0.092929	28	0.034483	0.035475	0.628264	0.531490	0.206558	0.754717	0.136349	0.391304	38686	0.100000
18	38964	0.017491	0.006039	60.867702	0.025732	0.166696	0.060362	0.267428	-0.051301	31	-0.068966	0.028799	0.666667	0.541957	0.272267	0.797101	0.149701	0.483333	38964	0.100000
19	39117	0.045292	0.006420	19.813711	0.051433	0.191111	-0.077259	0.277257	-0.089939	29	0.000000	0.016747	0.435732	0.431945	0.006667	0.627907	0.082666	0.093750	39117	0.100000
20	39332	0.027917	0.000883	38.924591	0.028750	0.187368	-0.056158	0.277197	-0.089704	29	0.000000	0.051869	0.773777	0.614035	0.413876	0.787879	0.200944	0.462963	39332	0.100000
21	39722	0.045544	0.003039	27.691385	0.049296	0.174221	0.017949	0.269919	-0.061093	27	0.068966	0.037293	0.656056	0.510794	0.296934	0.700000	0.155785	0.341463	39722	0.100000
22	40906	0.030085	0.009637	30.535254	0.033959	0.159918	0.098571	0.240971	0.052708	30	-0.034483	0.018067	0.406979	0.352295	0.084429	0.762712	0.108229	0.387755	40906	0.100000
23	46196	0.015401	0.005802	49.729462	0.025799	0.162580	0.083565	0.260598	-0.024449	30	-0.034483	0.031560	0.632861	0.531134	0.216963	0.750000	0.135644	0.400000	46196	0.100000
24	47018	0.046631	0.001082	32.570316	0.047594	0.166234	0.062968	0.259405	-0.019758	31	-0.068966	0.035369	0.647230	0.559327	0.199474	0.732143	0.151279	0.311111	47018	0.100000
25	49575	0.079965	0.001448	20.421015	0.081225	0.166078	0.063850	0.279673	-0.099436	27	0.068966	0.061417	0.499333	0.440373	0.105357	0.673913	0.256008	0.228571	49575	0.100000
26	52030	0.013793	0.003971	56.536133	0.014959	0.181670	-0.024044	0.279434	-0.098499	30	-0.034483	0.047223	0.509011	0.390407	0.194562	0.764706	0.197406	0.433962	52030	0.100000
27	52485	0.029840	0.008018	27.239006	0.032653	0.162483	0.084111	0.270739	-0.064317	29	0.000000	0.011919	0.656671	0.587601	0.167484	0.720000	0.060638	0.355556	52485	0.100000
28	52514	0.002992	0.008993	167.394577	0.010302	0.161163	0.091551	0.264625	-0.040279	30	-0.034483	0.019999	0.422527	0.399259	0.038732	0.762712	0.084536	0.411765	52514	0.100000
29	52869	0.016688	0.004911	62.390869	0.029520	0.164802	0.071038	0.267861	-0.053002	30	-0.034483	0.015430	0.568744	0.506710	0.125755	0.800000	0.087945	0.482759	52869	0.100000
30	66771	0.040468	0.002852	23.645391	0.043054	0.161976	0.086969	0.266012	-0.045731	27	0.068966	0.016975	0.360615	0.319570	0.060322	0.627907	0.083936	0.181818	66771	0.100000
31	71941	0.004904	0.003388	111.739220	0.007313	0.165690	0.066036	0.244475	0.038930	29	0.000000	0.022974	0.422518	0.338667	0.126792	0.745763	0.094089	0.420000	71941	0.100000
32	75023	0.018866	0.004913	36.913414	0.023113	0.167263	0.057167	0.244073	0.040513	30	-0.034483	0.013254	0.505968	0.453014	0.096810	0.673469	0.076077	0.268293	75023	0.100000
33	78872	0.023586	0.005960	47.837490	0.027363	0.194348	-0.095502	0.274155	-0.077744	30	-0.034483	0.031465	0.518519	0.491276	0.053550	0.750000	0.143258	0.387755	78872	0.100000
34	81565	0.005716	0.009750	56.179039	0.015495	0.171797	0.031610	0.262924	-0.033595	28	0.034483	0.022231	0.201811	0.184347	0.021411	0.634146	0.072960	0.176471	81565	0.100000
35	83343	0.056992	0.002474	23.764587	0.058363	0.159746	0.099538	0.268085	-0.053881	29	0.000000	0.043707	0.542257	0.410845	0.223051	0.708333	0.195079	0.216216	83343	0.100000
36	83861	0.003496	0.006994	96.138557	0.010927	0.168814	0.048424	0.230650	0.093280	28	0.034483	0.056873	0.448652	0.360796	0.137446	0.717391	0.278768	0.333333	83861	0.100000
37	84785	0.036899	0.008937	21.455786	0.046903	0.172356	0.028457	0.266802	-0.048839	30	-0.034483	0.041867	0.667627	0.569932	0.227162	0.732143	0.184792	0.302326	84785	0.100000
38	91312	0.051877	0.009210	16.469946	0.060531	0.173736	0.020681	0.257212	-0.011140	28	0.034483	0.024807	0.595015	0.495950	0.196539	0.627907	0.114124	0.263158	91312	0.100000
39	92293	0.032268	0.003340	38.293953	0.033514	0.161275	0.090921	0.269636	-0.059979	29	0.000000	0.022585	0.439010	0.412852	0.044551	0.696429	0.120031	0.355556	92293	0.100000
40	95842	0.032402	0.005517	23.193104	0.034991	0.169836	0.042665	0.236452	0.070473	27	0.068966	0.010881	0.452812	0.412959	0.067888	0.695652	0.068056	0.307692	95842	0.100000
41	103186	0.072533	0.001480	23.145981	0.073606	0.186607	-0.051870	0.256004	-0.006391	27	0.068966	0.027808	0.625364	0.589504	0.087359	0.673913	0.129904	0.289474	103186	0.100000
42	103455	0.039042	0.008385	23.169382	0.043055	0.170776	0.037369	0.266012	-0.045731	27	0.068966	0.050250	0.604007	0.399234	0.340854	0.705882	0.201581	0.341463	103455	0.100000
43	104126	0.064827	0.005222	22.277203	0.070162	0.174355	0.017192	0.259494	-0.020110	27	0.068966	0.104220	0.732495	0.519748	0.442991	0.739130	0.359154	0.341463	104126	0.100000
44	106634	0.028446	0.003722	24.775730	0.030680	0.184310	-0.038924	0.273066	-0.073463	31	-0.068966	0.016650	0.529933	0.497906	0.063788	0.741379	0.101824	0.295455	106634	0.100000
45	107430	0.022894	0.007578	43.851048	0.029722	0.169635	0.043800	0.262238	-0.030898	31	-0.068966	0.010770	0.598977	0.548449	0.111899	0.740741	0.091140	0.311111	107430	0.100000
46	107574	0.005471	0.006002	88.498901	0.010595	0.175019	0.013451	0.278748	-0.095802	31	-0.068966	0.021077	0.272850	0.262273	0.014338	0.735849	0.090354	0.311111	107574	0.100000
47	111076	0.018388	0.007031	40.376251	0.022035	0.191022	-0.076755	0.263924	-0.037523	30	-0.034483	0.016120	0.594212	0.524827	0.146022	0.772727	0.077063	0.444444	111076	0.100000
48	112153	0.087599	0.006617	21.944281	0.100884	0.173400	0.022573	0.277212	-0.089763	27	0.068966	0.080016	0.587162	0.404730	0.306470	0.673913	0.242419	0.228571	112153	0.100000
49	114012	0.006079	0.006267	151.079971	0.009325	0.161767	0.088146	0.251440	0.011550	30	-0.034483	0.026349	0.525485	0.467192	0.109407	0.827160	0.139073	0.464286	114012	0.100000
50	119715	0.011841	0.009956	54.870136	0.029533	0.167636	0.055065	0.274617	-0.079561	31	-0.068966	0.027827	0.717143	0.607714	0.278951	0.761905	0.157930	0.403846	119715	0.100000
51	119869	0.040427	0.000226	29.726189	0.040579	0.174124	0.018495	0.273961	-0.076981	31	-0.068966	0.045214	0.782609	0.624422	0.421182	0.750000	0.206997	0.295455	119869	0.100000
52	123455	0.042347	0.008911	22.372135	0.050408	0.159776	0.099370	0.248338	0.023745	27	0.068966	0.034495	0.495495	0.421107	0.128501	0.686275	0.161105	0.307692	123455	0.100000
53	126184	0.036750	0.009224	23.645348	0.040337	0.161305	0.090752	0.272947	-0.072994	27	0.068966	0.043083	0.425951	0.389965	0.058990	0.666667	0.187508	0.270270	126184	0.100000
54	126401	0.099180	0.007277	13.995350	0.105842	0.173743	0.020639	0.274796	-0.080264	29	0.000000	0.036747	0.542231	0.473912	0.129863	0.666667	0.163945	0.216216	126401	0.100000
55	126522	0.029886	0.005641	34.652584	0.040576	0.169806	0.042833	0.274378	-0.078623	31	-0.068966	0.045493	0.583829	0.517730	0.137058	0.754386	0.178741	0.326087	126522	0.100000
56	126951	0.015277	0.000149	63.545132	0.015494	0.165958	0.064523	0.275706	-0.083841	28	0.034483	0.036464	0.652061	0.577132	0.177191	0.810811	0.164299	0.540984	126951	0.100000
57	128084	0.013262	0.009895	61.034248	0.026060	0.169732	0.043253	0.246921	0.029315	31	-0.068966	0.033425	0.597523	0.521812	0.158328	0.742424	0.130158	0.392157	128084	0.100000
58	134878	0.009519	0.005026	92.009392	0.013716	0.170015	0.041656	0.260956	-0.025856	30	-0.034483	0.028927	0.681872	0.582990	0.237122	0.815789	0.140915	0.531250	134878	0.100000
59	139217	0.025213	0.007292	29.726011	0.029712	0.173922	0.019630	0.270098	-0.061796	30	-0.034483	0.024528	0.619749	0.466068	0.287828	0.754098	0.112391	0.433962	139217	0.100000
60	139302	0.042929	0.003397	25.727886	0.052483	0.168009	0.052964	0.273290	-0.074343	29	0.000000	0.020253	0.549106	0.513356	0.073462	0.730769	0.097755	0.340909	139302	0.100000
61	140045	0.121930	0.003679	22.968071	0.124523	0.191827	-0.081295	0.275363	-0.082492	27	0.068966	0.054870	0.634497	0.592109	0.103921	0.705882	0.314761	0.270270	140045	0.100000
62	142980	0.030460	0.007462	38.079731	0.034498	0.161834	0.087768	0.256392	-0.007915	28	0.034483	0.015030	0.656742	0.602452	0.136564	0.693878	0.079466	0.348837	142980	0.100000
63	144496	0.024053	0.008578	33.545834	0.034358	0.166264	0.062800	0.278539	-0.094981	29	0.000000	0.095859	0.768475	0.570766	0.460609	0.716981	0.313523	0.292683	144496	0.100000
64	146891	0.012476	0.009158	42.232552	0.031693	0.161476	0.089786	0.258659	-0.016827	27	0.068966	0.086913	0.400768	0.364809	0.056612	0.711538	0.313965	0.325000	146891	0.100000
65	147349	0.044204	0.000248	32.367992	0.044538	0.168374	0.050904	0.256302	-0.007563	31	-0.068966	0.042944	0.545980	0.468189	0.146275	0.701754	0.155111	0.295455	147349	0.100000
66	150629	0.041355	0.009369	24.609285	0.049103	0.163080	0.080748	0.264759	-0.040807	27	0.068966	0.058447	0.668858	0.479499	0.363801	0.750000	0.248369	0.425532	150629	0.100000
67	150785	0.036651	0.001911	19.670811	0.040822	0.170887	0.036738	0.257167	-0.010964	27	0.068966	0.017375	0.465137	0.426803	0.066877	0.695652	0.081135	0.307692	150785	0.100000
68	154434	0.002125	0.008239	152.222305	0.005896	0.174154	0.018327	0.259539	-0.020286	29	0.000000	0.061389	0.674340	0.557464	0.264105	0.733333	0.197823	0.408163	154434	0.100000
69	155372	0.039255	0.002346	35.842674	0.043275	0.172543	0.027407	0.277898	-0.092460	31	-0.068966	0.028007	0.538795	0.456260	0.151791	0.722222	0.127150	0.279070	155372	0.100000
70	167540	0.023411	0.005807	36.508877	0.036554	0.170380	0.039597	0.275228	-0.081965	31	-0.068966	0.037430	0.624541	0.575275	0.115995	0.735849	0.147195	0.295455	167540	0.100000
71	169202	0.020372	0.006453	31.522823	0.029519	0.180574	-0.017865	0.272857	-0.072643	29	0.000000	0.059101	0.730897	0.565388	0.380821	0.720000	0.175327	0.340909	169202	0.100000
72	169588	0.035458	0.002259	35.009644	0.037070	0.183863	-0.036402	0.267041	-0.049777	30	-0.034483	0.031176	0.694661	0.581818	0.269842	0.776119	0.139948	0.444444	169588	0.100000
73	174111	0.046678	0.007565	20.646715	0.049284	0.175250	0.012148	0.248622	0.022631	27	0.068966	0.015160	0.455882	0.418667	0.064016	0.702128	0.078622	0.341463	174111	0.100000
74	175835	0.010876	0.006451	63.283283	0.022644	0.186652	-0.052123	0.279777	-0.099847	31	-0.068966	0.051644	0.660071	0.590262	0.170374	0.745763	0.184558	0.425926	175835	0.100000
75	176685	0.039026	0.002779	25.632641	0.039790	0.160686	0.094241	0.269561	-0.059685	30	-0.034483	0.014482	0.534110	0.522203	0.024922	0.730769	0.069817	0.250000	176685	0.100000
76	181192	0.020786	0.000749	53.882557	0.021725	0.163415	0.078857	0.261895	-0.029550	30	-0.034483	0.047513	0.529764	0.377804	0.244230	0.791667	0.216003	0.444444	181192	0.100000
77	186067	0.027860	0.000592	40.495361	0.028311	0.164937	0.070282	0.242208	0.047842	30	-0.034483	0.048739	0.410616	0.395043	0.025742	0.750000	0.241417	0.333333	186067	0.100000
78	188387	0.015244	0.001465	67.293571	0.018900	0.163699	0.077259	0.263625	-0.036351	30	-0.034483	0.030468	0.504067	0.403189	0.169028	0.805195	0.152772	0.500000	188387	0.100000
79	189753	0.027470	0.009171	31.249210	0.035836	0.174124	0.018495	0.267816	-0.052826	27	0.068966	0.055293	0.609666	0.482476	0.245767	0.725490	0.234009	0.372093	189753	0.100000
80	191584	0.103756	0.006247	12.258033	0.110527	0.191156	-0.077511	0.261716	-0.028846	27	0.068966	0.034842	0.549616	0.451407	0.179020	0.674419	0.159161	0.181818	191584	0.100000
81	193647	0.063480	0.008129	19.183239	0.071849	0.171335	0.034216	0.273573	-0.075457	30	-0.034483	0.029824	0.613410	0.584415	0.069768	0.720000	0.103482	0.268293	193647	0.100000
82	194102	0.020095	0.001032	45.302792	0.021521	0.172744	0.026272	0.258018	-0.014306	29	0.000000	0.033486	0.317328	0.292650	0.034888	0.765625	0.164423	0.369565	194102	0.100000
83	194189	0.020654	0.008188	53.311367	0.028665	0.169978	0.041866	0.274557	-0.079327	28	0.034483	0.027938	0.640322	0.581530	0.140491	0.758621	0.115717	0.404255	194189	0.100000
84	196370	0.042141	0.001217	25.216187	0.044904	0.188345	-0.061665	0.265833	-0.045028	31	-0.068966	0.024859	0.327645	0.315415	0.017864	0.703704	0.121693	0.225000	196370	0.100000
85	198903	0.012824	0.004235	69.138016	0.018989	0.176160	0.007020	0.252320	0.008091	31	-0.068966	0.036520	0.675743	0.539038	0.296565	0.745763	0.169890	0.380000	198903	0.100000
86	199358	0.023968	0.007474	33.605331	0.040653	0.168054	0.052711	0.278972	-0.096681	30	-0.034483	0.068709	0.659884	0.578779	0.192547	0.725490	0.225819	0.250000	199358	0.100000
87	199420	0.042532	0.006110	26.489470	0.050970	0.166197	0.063178	0.278853	-0.096212	27	0.068966	0.047400	0.712735	0.639642	0.202835	0.666667	0.190193	0.289474	199420	0.100000
88	199739	0.014724	0.003051	48.848869	0.017182	0.164400	0.073308	0.248144	0.024507	29	0.000000	0.015833	0.370727	0.293039	0.109889	0.774194	0.082093	0.408163	199739	0.100000
